#
# There is insufficient memory for the Java Runtime Environment to continue.
# Native memory allocation (malloc) failed to allocate 1048576 bytes for AllocateHeap
# Possible reasons:
#   The system is out of physical RAM or swap space
#   In 32 bit mode, the process size limit was hit
# Possible solutions:
#   Reduce memory load on the system
#   Increase physical memory or swap space
#   Check if swap backing store is full
#   Use 64 bit Java on a 64 bit OS
#   Decrease Java heap size (-Xmx/-Xms)
#   Decrease number of Java threads
#   Decrease Java thread stack sizes (-Xss)
#   Set larger code cache with -XX:ReservedCodeCacheSize=
# This output file may be truncated or incomplete.
#
#  Out of Memory Error (memory/allocation.inline.hpp:61), pid=3352, tid=1388
#
# JRE version:  (8.0_91-b15) (build )
# Java VM: Java HotSpot(TM) 64-Bit Server VM (25.91-b15 mixed mode windows-amd64 compressed oops)
# Failed to write core dump. Minidumps are not enabled by default on client versions of Windows
#

---------------  T H R E A D  ---------------

Current thread (0x0000000002500800):  JavaThread "Unknown thread" [_thread_in_vm, id=1388, stack(0x0000000002400000,0x0000000002500000)]

Stack: [0x0000000002400000,0x0000000002500000]
[error occurred during error reporting (printing stack bounds), id 0xc0000005]

Native frames: (J=compiled Java code, j=interpreted, Vv=VM code, C=native code)


---------------  P R O C E S S  ---------------

Java Threads: ( => current thread )

Other Threads:

=>0x0000000002500800 (exited) JavaThread "Unknown thread" [_thread_in_vm, id=1388, stack(0x0000000002400000,0x0000000002500000)]

VM state:not at safepoint (normal execution)

VM Mutex/Monitor currently owned by a thread: None

Heap:
 PSYoungGen      total 38400K, used 665K [0x00000000d5f00000, 0x00000000d8980000, 0x0000000100000000)
  eden space 33280K, 2% used [0x00000000d5f00000,0x00000000d5fa6670,0x00000000d7f80000)
  from space 5120K, 0% used [0x00000000d8480000,0x00000000d8480000,0x00000000d8980000)
  to   space 5120K, 0% used [0x00000000d7f80000,0x00000000d7f80000,0x00000000d8480000)
 ParOldGen       total 87552K, used 0K [0x0000000081c00000, 0x0000000087180000, 0x00000000d5f00000)
  object space 87552K, 0% used [0x0000000081c00000,0x0000000081c00000,0x0000000087180000)
 Metaspace       used 769K, capacity 4480K, committed 4480K, reserved 1056768K
  class space    used 75K, capacity 384K, committed 384K, reserved 1048576K

Card table byte_map: [0x00000000119c0000,0x0000000011dc0000] byte_map_base: 0x00000000115b2000

Marking Bits: (ParMarkBitMap*) 0x0000000066ba2f70
 Begin Bits: [0x0000000012870000, 0x0000000014800000)
 End Bits:   [0x0000000014800000, 0x0000000016790000)

Polling page: 0x0000000001fc0000

CodeCache: size=245760Kb used=328Kb max_used=328Kb free=245431Kb
 bounds [0x0000000002600000, 0x0000000002870000, 0x0000000011600000]
 total_blobs=58 nmethods=0 adapters=38
 compilation: enabled

Compilation events (0 events):
No events

GC Heap History (0 events):
No events

Deoptimization events (0 events):
No events

Internal exceptions (0 events):
No events

Events (10 events):
Event: 0.042 loading class java/lang/Short
Event: 0.042 loading class java/lang/Short done
Event: 0.042 loading class java/lang/Integer
Event: 0.042 loading class java/lang/Integer done
Event: 0.042 loading class java/lang/Long
Event: 0.043 loading class java/lang/Long done
Event: 0.043 loading class java/lang/NullPointerException
Event: 0.043 loading class java/lang/NullPointerException done
Event: 0.043 loading class java/lang/ArithmeticException
Event: 0.043 loading class java/lang/ArithmeticException done


Dynamic libraries:
0x00007ff7f6fe0000 - 0x00007ff7f7017000 	C:\Program Files\Java\jdk1.8.0_91\bin\javaw.exe
0x00007ffdd7a00000 - 0x00007ffdd7bdb000 	C:\WINDOWS\SYSTEM32\ntdll.dll
0x00007ffdcf4f0000 - 0x00007ffdcf523000 	C:\Program Files\AVAST Software\Avast\x64\aswhooka.dll
0x00007ffdd69c0000 - 0x00007ffdd6a6e000 	C:\WINDOWS\System32\KERNEL32.DLL
0x00007ffdd4a90000 - 0x00007ffdd4cd9000 	C:\WINDOWS\System32\KERNELBASE.dll
0x00007ffdd6880000 - 0x00007ffdd6921000 	C:\WINDOWS\System32\ADVAPI32.dll
0x00007ffdd6480000 - 0x00007ffdd651d000 	C:\WINDOWS\System32\msvcrt.dll
0x00007ffdd77a0000 - 0x00007ffdd77f9000 	C:\WINDOWS\System32\sechost.dll
0x00007ffdd7440000 - 0x00007ffdd7565000 	C:\WINDOWS\System32\RPCRT4.dll
0x00007ffdd72f0000 - 0x00007ffdd743a000 	C:\WINDOWS\System32\USER32.dll
0x00007ffdd4db0000 - 0x00007ffdd4dce000 	C:\WINDOWS\System32\win32u.dll
0x00007ffdd71b0000 - 0x00007ffdd71d7000 	C:\WINDOWS\System32\GDI32.dll
0x00007ffdd4dd0000 - 0x00007ffdd4f58000 	C:\WINDOWS\System32\gdi32full.dll
0x00007ffdd49f0000 - 0x00007ffdd4a8a000 	C:\WINDOWS\System32\msvcp_win.dll
0x00007ffdd3f20000 - 0x00007ffdd4016000 	C:\WINDOWS\System32\ucrtbase.dll
0x00007ffdcebb0000 - 0x00007ffdcee17000 	C:\WINDOWS\WinSxS\amd64_microsoft.windows.common-controls_6595b64144ccf1df_6.0.15063.483_none_26002d27e7c744a2\COMCTL32.dll
0x00007ffdd6580000 - 0x00007ffdd6879000 	C:\WINDOWS\System32\combase.dll
0x00007ffdd4d40000 - 0x00007ffdd4daa000 	C:\WINDOWS\System32\bcryptPrimitives.dll
0x00007ffdd6990000 - 0x00007ffdd69bd000 	C:\WINDOWS\System32\IMM32.DLL
0x0000000066040000 - 0x0000000066112000 	C:\Program Files\Java\jdk1.8.0_91\jre\bin\msvcr100.dll
0x0000000066390000 - 0x0000000066c23000 	C:\Program Files\Java\jdk1.8.0_91\jre\bin\server\jvm.dll
0x00007ffdd7050000 - 0x00007ffdd7058000 	C:\WINDOWS\System32\PSAPI.DLL
0x00007ffdc53b0000 - 0x00007ffdc53b9000 	C:\WINDOWS\SYSTEM32\WSOCK32.dll
0x00007ffdd7730000 - 0x00007ffdd779c000 	C:\WINDOWS\System32\WS2_32.dll
0x00007ffdd2190000 - 0x00007ffdd21b3000 	C:\WINDOWS\SYSTEM32\WINMM.dll
0x00007ffdc7e70000 - 0x00007ffdc7e7a000 	C:\WINDOWS\SYSTEM32\VERSION.dll
0x00007ffdd18d0000 - 0x00007ffdd18fb000 	C:\WINDOWS\SYSTEM32\WINMMBASE.dll
0x00007ffdd41f0000 - 0x00007ffdd4239000 	C:\WINDOWS\System32\cfgmgr32.dll
0x00000000662a0000 - 0x00000000662af000 	C:\Program Files\Java\jdk1.8.0_91\jre\bin\verify.dll
0x0000000066270000 - 0x0000000066299000 	C:\Program Files\Java\jdk1.8.0_91\jre\bin\java.dll
0x0000000066250000 - 0x0000000066266000 	C:\Program Files\Java\jdk1.8.0_91\jre\bin\zip.dll

VM Arguments:
jvm_args: -Dfile.encoding=UTF-8 
java_command: control.GameController
java_class_path (initial): C:\Users\wu\eclipse-workspace\FEH\bin
Launcher Type: SUN_STANDARD

Environment Variables:
PATH=C:/Program Files/Java/jdk1.8.0_91/bin/../jre/bin/server;C:/Program Files/Java/jdk1.8.0_91/bin/../jre/bin;C:/Program Files/Java/jdk1.8.0_91/bin/../jre/lib/amd64;C:\Program Files\Java\jdk1.8.0_91\bin;c:\windows\system32;C:\WINDOWS\system32;C:\WINDOWS;C:\WINDOWS\System32\Wbem;C:\WINDOWS\System32\WindowsPowerShell\v1.0\;C:\Program Files (x86)\GtkSharp\2.12\bin;C:\WINDOWS\system32;C:\WINDOWS;C:\WINDOWS\System32\Wbem;C:\WINDOWS\System32\WindowsPowerShell\v1.0\;C:\Program Files (x86)\Common Files\Propellerhead Software\ReWire\;C:\Program Files\Common Files\Propellerhead Software\ReWire\;C:\Program Files (x86)\Skype\Phone\;C:\Users\wu\AppData\Local\Microsoft\WindowsApps;;C:\Daniel\eclipse\Java\eclipse;
USERNAME=wu
OS=Windows_NT
PROCESSOR_IDENTIFIER=Intel64 Family 6 Model 58 Stepping 9, GenuineIntel



---------------  S Y S T E M  ---------------

OS: Windows 10.0 , 64 bit Build 15063 (10.0.15063.296)

CPU:total 8 (4 cores per cpu, 2 threads per core) family 6 model 58 stepping 9, cmov, cx8, fxsr, mmx, sse, sse2, sse3, ssse3, sse4.1, sse4.2, popcnt, avx, aes, clmul, erms, ht, tsc, tscinvbit, tscinv

Memory: 4k page, physical 8271544k(1558132k free), swap 16463544k(8484k free)

vm_info: Java HotSpot(TM) 64-Bit Server VM (25.91-b15) for windows-amd64 JRE (1.8.0_91-b15), built on May 20 2016 17:43:15 by "java_re" with MS VC++ 10.0 (VS2010)

time: Sat Sep 23 16:53:51 2017
elapsed time: 4 seconds (0d 0h 0m 4s)

